<?xml version="1.0" encoding="UTF-8"?>
<!-- Generated by org.testng.reporters.JUnitXMLReporter -->
<testsuite ignored="2" hostname="ADMIN-PC" failures="0" tests="1" name="Test(failed)" time="0.379" errors="0" timestamp="2023-01-27T13:11:22 IST">
  <testcase classname="TestGN___.sample2" name="TC5" time="0.079"/>
  <testcase classname="TestGN___.sample2" name="TC6" time="0.0">
    <ignored/>
  </testcase> <!-- TC6 -->
  <testcase classname="TestGN___.sample2" name="TC4" time="0.0">
    <ignored/>
  </testcase> <!-- TC4 -->
</testsuite> <!-- Test(failed) -->
