<?xml version="1.0" encoding="UTF-8"?>
<!-- Generated by org.testng.reporters.JUnitXMLReporter -->
<testsuite ignored="4" hostname="ADMIN-PC" failures="0" tests="2" name="Groups" time="0.512" errors="0" timestamp="2023-01-31T12:16:59 IST">
  <testcase classname="TestGN___.TestNg_group" name="TC1" time="0.114"/>
  <testcase classname="TestGN___.TestNg_group" name="TC4" time="0.026"/>
  <testcase classname="TestGN___.TestNg_group" name="TC2" time="0.0">
    <ignored/>
  </testcase> <!-- TC2 -->
  <testcase classname="TestGN___.TestNg_group" name="TC3" time="0.0">
    <ignored/>
  </testcase> <!-- TC3 -->
  <testcase classname="TestGN___.TestNg_group" name="TC5" time="0.0">
    <ignored/>
  </testcase> <!-- TC5 -->
  <testcase classname="TestGN___.TestNg_group" name="TC6" time="0.0">
    <ignored/>
  </testcase> <!-- TC6 -->
</testsuite> <!-- Groups -->
