<?xml version="1.0" encoding="UTF-8"?>
<!-- Generated by org.testng.reporters.JUnitXMLReporter -->
<testsuite ignored="0" hostname="ADMIN-PC" failures="1" tests="9" name="Test" time="0.943" errors="0" timestamp="2023-01-27T12:29:48 IST">
  <testcase classname="TestGN___.sample3" name="TC7" time="0.089"/>
  <testcase classname="TestGN___.sample3" name="TC8" time="0.01"/>
  <testcase classname="TestGN___.sample3" name="TC9" time="0.008"/>
  <testcase classname="TestGN___.sample2" name="TC4" time="0.028"/>
  <testcase classname="TestGN___.sample2" name="TC5" time="0.007"/>
  <testcase classname="TestGN___.sample2" name="TC6" time="0.05">
    <failure type="java.lang.AssertionError" message="null">
      <![CDATA[java.lang.AssertionError: null
at TestGN___.sample2.TC6(sample2.java:17)
at java.base/java.util.ArrayList.forEach(ArrayList.java:1511)
... Removed 27 stack frames]]>
    </failure>
  </testcase> <!-- TC6 -->
  <testcase classname="TestGN___.sample1" name="TC1" time="0.035"/>
  <testcase classname="TestGN___.sample1" name="TC2" time="0.02"/>
  <testcase classname="TestGN___.sample1" name="TC3" time="0.015"/>
</testsuite> <!-- Test -->
